<?xml version="1.0" encoding="UTF-8"?>
<!-- Generated by org.testng.reporters.JUnitReportReporter -->
<testsuite hostname="DESKTOP-9EP8MOL" name="cucumberOptions.TestRunner" tests="1" failures="0" timestamp="26 Apr 2021 10:23:01 GMT" time="532.557" errors="0">
  <testcase name="feature" time="532.557" classname="cucumberOptions.TestRunner"/>
</testsuite> <!-- cucumberOptions.TestRunner -->
